<<<<<<< HEAD
This is pdfTeX, Version 3.14159265-2.6-1.40.16 (TeX Live 2015) (preloaded format=pdflatex 2015.10.11)  24 DEC 2015 13:36
=======
<<<<<<< HEAD
This is pdfTeX, Version 3.14159265-2.6-1.40.16 (TeX Live 2015) (preloaded format=pdflatex 2015.10.11)  23 DEC 2015 23:53
=======
This is pdfTeX, Version 3.1415926-2.5-1.40.14 (TeX Live 2013) (format=pdflatex 2013.11.18)  24 DEC 2015 12:29
>>>>>>> 1.1
>>>>>>> ed0a8a8c8517e4ea6ccb6ff75d04a197ebb169dc
entering extended mode
 restricted \write18 enabled.
 %&-line parsing enabled.
**Project_wavelets.tex
(./Project_wavelets.tex
LaTeX2e <2015/01/01>
Babel <3.9l> and hyphenation patterns for 79 languages loaded.
(../latex/preamble.tex
(/usr/local/texlive/2015/texmf-dist/tex/latex/base/fix-cm.sty
Package: fix-cm 2015/01/14 v1.1t fixes to LaTeX

(/usr/local/texlive/2015/texmf-dist/tex/latex/base/ts1enc.def
File: ts1enc.def 2001/06/05 v3.0e (jk/car/fm) Standard LaTeX file
))
(/usr/local/texlive/2015/texmf-dist/tex/latex/base/article.cls
Document Class: article 2014/09/29 v1.4h Standard LaTeX document class
(/usr/local/texlive/2015/texmf-dist/tex/latex/base/size12.clo
File: size12.clo 2014/09/29 v1.4h Standard LaTeX file (size option)
)
\c@part=\count79
\c@section=\count80
\c@subsection=\count81
\c@subsubsection=\count82
\c@paragraph=\count83
\c@subparagraph=\count84
\c@figure=\count85
\c@table=\count86
\abovecaptionskip=\skip41
\belowcaptionskip=\skip42
\bibindent=\dimen102
)
(/usr/local/texlive/2015/texmf-dist/tex/latex/graphics/graphicx.sty
Package: graphicx 2014/10/28 v1.0g Enhanced LaTeX Graphics (DPC,SPQR)

(/usr/local/texlive/2015/texmf-dist/tex/latex/graphics/keyval.sty
Package: keyval 2014/10/28 v1.15 key=value parser (DPC)
\KV@toks@=\toks14
)
(/usr/local/texlive/2015/texmf-dist/tex/latex/graphics/graphics.sty
Package: graphics 2014/10/28 v1.0p Standard LaTeX Graphics (DPC,SPQR)

(/usr/local/texlive/2015/texmf-dist/tex/latex/graphics/trig.sty
Package: trig 1999/03/16 v1.09 sin cos tan (DPC)
)
(/usr/local/texlive/2015/texmf-dist/tex/latex/latexconfig/graphics.cfg
File: graphics.cfg 2010/04/23 v1.9 graphics configuration of TeX Live
)
Package graphics Info: Driver file: pdftex.def on input line 94.

(/usr/local/texlive/2015/texmf-dist/tex/latex/pdftex-def/pdftex.def
File: pdftex.def 2011/05/27 v0.06d Graphics/color for pdfTeX

(/usr/local/texlive/2015/texmf-dist/tex/generic/oberdiek/infwarerr.sty
Package: infwarerr 2010/04/08 v1.3 Providing info/warning/error messages (HO)
)
(/usr/local/texlive/2015/texmf-dist/tex/generic/oberdiek/ltxcmds.sty
Package: ltxcmds 2011/11/09 v1.22 LaTeX kernel commands for general use (HO)
)
\Gread@gobject=\count87
))
\Gin@req@height=\dimen103
\Gin@req@width=\dimen104
)
(/usr/local/texlive/2015/texmf-dist/tex/latex/xcolor/xcolor.sty
Package: xcolor 2007/01/21 v2.11 LaTeX color extensions (UK)

(/usr/local/texlive/2015/texmf-dist/tex/latex/latexconfig/color.cfg
File: color.cfg 2007/01/18 v1.5 color configuration of teTeX/TeXLive
)
Package xcolor Info: Driver file: pdftex.def on input line 225.
Package xcolor Info: Model `cmy' substituted by `cmy0' on input line 1337.
Package xcolor Info: Model `hsb' substituted by `rgb' on input line 1341.
Package xcolor Info: Model `RGB' extended on input line 1353.
Package xcolor Info: Model `HTML' substituted by `rgb' on input line 1355.
Package xcolor Info: Model `Hsb' substituted by `hsb' on input line 1356.
Package xcolor Info: Model `tHsb' substituted by `hsb' on input line 1357.
Package xcolor Info: Model `HSB' substituted by `hsb' on input line 1358.
Package xcolor Info: Model `Gray' substituted by `gray' on input line 1359.
Package xcolor Info: Model `wave' substituted by `hsb' on input line 1360.
)
(/usr/local/texlive/2015/texmf-dist/tex/latex/textpos/textpos.sty
Package: textpos 2014/01/03 v1.7j

Package: textpos 2014/01/03 1.7j, absolute positioning of text on the page
\TP@textbox=\box26
\TPHorizModule=\dimen105
\TPVertModule=\dimen106
\TP@margin=\dimen107
\TP@absmargin=\dimen108
Grid set 16 x 16 = 37.34424pt x 52.81541pt
\TPboxrulesize=\dimen109
\TP@tbargs=\toks15
\TP@prevdepth=\dimen110
) (/usr/local/texlive/2015/texmf-dist/tex/latex/psnfss/helvet.sty
Package: helvet 2005/04/12 PSNFSS-v9.2a (WaS) 
)
(/usr/local/texlive/2015/texmf-dist/tex/latex/base/makeidx.sty
Package: makeidx 2014/09/29 v1.0m Standard LaTeX package
)
\@indexfile=\write3
\openout3 = `Project_wavelets.idx'.


Writing index file Project_wavelets.idx
(/usr/local/texlive/2015/texmf-dist/tex/latex/amsmath/amsmath.sty
Package: amsmath 2013/01/14 v2.14 AMS math features
\@mathmargin=\skip43

For additional information on amsmath, use the `?' option.
(/usr/local/texlive/2015/texmf-dist/tex/latex/amsmath/amstext.sty
Package: amstext 2000/06/29 v2.01

(/usr/local/texlive/2015/texmf-dist/tex/latex/amsmath/amsgen.sty
File: amsgen.sty 1999/11/30 v2.0
\@emptytoks=\toks16
\ex@=\dimen111
))
(/usr/local/texlive/2015/texmf-dist/tex/latex/amsmath/amsbsy.sty
Package: amsbsy 1999/11/29 v1.2d
\pmbraise@=\dimen112
)
(/usr/local/texlive/2015/texmf-dist/tex/latex/amsmath/amsopn.sty
Package: amsopn 1999/12/14 v2.01 operator names
)
\inf@bad=\count88
LaTeX Info: Redefining \frac on input line 210.
\uproot@=\count89
\leftroot@=\count90
LaTeX Info: Redefining \overline on input line 306.
\classnum@=\count91
\DOTSCASE@=\count92
LaTeX Info: Redefining \ldots on input line 378.
LaTeX Info: Redefining \dots on input line 381.
LaTeX Info: Redefining \cdots on input line 466.
\Mathstrutbox@=\box27
\strutbox@=\box28
\big@size=\dimen113
LaTeX Font Info:    Redeclaring font encoding OML on input line 566.
LaTeX Font Info:    Redeclaring font encoding OMS on input line 567.
\macc@depth=\count93
\c@MaxMatrixCols=\count94
\dotsspace@=\muskip10
\c@parentequation=\count95
\dspbrk@lvl=\count96
\tag@help=\toks17
\row@=\count97
\column@=\count98
\maxfields@=\count99
\andhelp@=\toks18
\eqnshift@=\dimen114
\alignsep@=\dimen115
\tagshift@=\dimen116
\tagwidth@=\dimen117
\totwidth@=\dimen118
\lineht@=\dimen119
\@envbody=\toks19
\multlinegap=\skip44
\multlinetaggap=\skip45
\mathdisplay@stack=\toks20
LaTeX Info: Redefining \[ on input line 2665.
LaTeX Info: Redefining \] on input line 2666.
)
(/usr/local/texlive/2015/texmf-dist/tex/generic/babel/babel.sty
Package: babel 2014/09/25 3.9l The Babel package

(/usr/local/texlive/2015/texmf-dist/tex/generic/babel-dutch/dutch.ldf
Language: dutch 2005/03/30 v3.8i Dutch support from the babel system

(/usr/local/texlive/2015/texmf-dist/tex/generic/babel/babel.def
File: babel.def 2014/09/25 3.9l Babel common definitions
\babel@savecnt=\count100
\U@D=\dimen120
)
Package babel Info: Making " an active character on input line 132.
))
(/usr/local/texlive/2015/texmf-dist/tex/latex/hyperref/hyperref.sty
Package: hyperref 2012/11/06 v6.83m Hypertext links for LaTeX

(/usr/local/texlive/2015/texmf-dist/tex/generic/oberdiek/hobsub-hyperref.sty
Package: hobsub-hyperref 2012/05/28 v1.13 Bundle oberdiek, subset hyperref (HO)


(/usr/local/texlive/2015/texmf-dist/tex/generic/oberdiek/hobsub-generic.sty
Package: hobsub-generic 2012/05/28 v1.13 Bundle oberdiek, subset generic (HO)
Package: hobsub 2012/05/28 v1.13 Construct package bundles (HO)
Package hobsub Info: Skipping package `infwarerr' (already loaded).
Package hobsub Info: Skipping package `ltxcmds' (already loaded).
Package: ifluatex 2010/03/01 v1.3 Provides the ifluatex switch (HO)
Package ifluatex Info: LuaTeX not detected.
Package: ifvtex 2010/03/01 v1.5 Detect VTeX and its facilities (HO)
Package ifvtex Info: VTeX not detected.
Package: intcalc 2007/09/27 v1.1 Expandable calculations with integers (HO)
Package: ifpdf 2011/01/30 v2.3 Provides the ifpdf switch (HO)
Package ifpdf Info: pdfTeX in PDF mode is detected.
Package: etexcmds 2011/02/16 v1.5 Avoid name clashes with e-TeX commands (HO)
Package etexcmds Info: Could not find \expanded.
(etexcmds)             That can mean that you are not using pdfTeX 1.50 or
(etexcmds)             that some package has redefined \expanded.
(etexcmds)             In the latter case, load this package earlier.
Package: kvsetkeys 2012/04/25 v1.16 Key value parser (HO)
Package: kvdefinekeys 2011/04/07 v1.3 Define keys (HO)
Package: pdftexcmds 2011/11/29 v0.20 Utility functions of pdfTeX for LuaTeX (HO
)
Package pdftexcmds Info: LuaTeX not detected.
Package pdftexcmds Info: \pdf@primitive is available.
Package pdftexcmds Info: \pdf@ifprimitive is available.
Package pdftexcmds Info: \pdfdraftmode found.
Package: pdfescape 2011/11/25 v1.13 Implements pdfTeX's escape features (HO)
Package: bigintcalc 2012/04/08 v1.3 Expandable calculations on big integers (HO
)
Package: bitset 2011/01/30 v1.1 Handle bit-vector datatype (HO)
Package: uniquecounter 2011/01/30 v1.2 Provide unlimited unique counter (HO)
)
Package hobsub Info: Skipping package `hobsub' (already loaded).
Package: letltxmacro 2010/09/02 v1.4 Let assignment for LaTeX macros (HO)
Package: hopatch 2012/05/28 v1.2 Wrapper for package hooks (HO)
Package: xcolor-patch 2011/01/30 xcolor patch
Package: atveryend 2011/06/30 v1.8 Hooks at the very end of document (HO)
Package atveryend Info: \enddocument detected (standard20110627).
Package: atbegshi 2011/10/05 v1.16 At begin shipout hook (HO)
Package: refcount 2011/10/16 v3.4 Data extraction from label references (HO)
Package: hycolor 2011/01/30 v1.7 Color options for hyperref/bookmark (HO)
)
(/usr/local/texlive/2015/texmf-dist/tex/generic/ifxetex/ifxetex.sty
Package: ifxetex 2010/09/12 v0.6 Provides ifxetex conditional
)
(/usr/local/texlive/2015/texmf-dist/tex/latex/oberdiek/auxhook.sty
Package: auxhook 2011/03/04 v1.3 Hooks for auxiliary files (HO)
)
(/usr/local/texlive/2015/texmf-dist/tex/latex/oberdiek/kvoptions.sty
Package: kvoptions 2011/06/30 v3.11 Key value format for package options (HO)
)
\@linkdim=\dimen121
\Hy@linkcounter=\count101
\Hy@pagecounter=\count102

(/usr/local/texlive/2015/texmf-dist/tex/latex/hyperref/pd1enc.def
File: pd1enc.def 2012/11/06 v6.83m Hyperref: PDFDocEncoding definition (HO)
)
\Hy@SavedSpaceFactor=\count103

(/usr/local/texlive/2015/texmf-dist/tex/latex/latexconfig/hyperref.cfg
File: hyperref.cfg 2002/06/06 v1.2 hyperref configuration of TeXLive
)
Package hyperref Info: Hyper figures OFF on input line 4443.
Package hyperref Info: Link nesting OFF on input line 4448.
Package hyperref Info: Hyper index ON on input line 4451.
Package hyperref Info: Plain pages OFF on input line 4458.
Package hyperref Info: Backreferencing OFF on input line 4463.
Package hyperref Info: Implicit mode ON; LaTeX internals redefined.
Package hyperref Info: Bookmarks ON on input line 4688.
\c@Hy@tempcnt=\count104

(/usr/local/texlive/2015/texmf-dist/tex/latex/url/url.sty
\Urlmuskip=\muskip11
Package: url 2013/09/16  ver 3.4  Verb mode for urls, etc.
)
LaTeX Info: Redefining \url on input line 5041.
\XeTeXLinkMargin=\dimen122
\Fld@menulength=\count105
\Field@Width=\dimen123
\Fld@charsize=\dimen124
Package hyperref Info: Hyper figures OFF on input line 6295.
Package hyperref Info: Link nesting OFF on input line 6300.
Package hyperref Info: Hyper index ON on input line 6303.
Package hyperref Info: backreferencing OFF on input line 6310.
Package hyperref Info: Link coloring OFF on input line 6315.
Package hyperref Info: Link coloring with OCG OFF on input line 6320.
Package hyperref Info: PDF/A mode OFF on input line 6325.
LaTeX Info: Redefining \ref on input line 6365.
LaTeX Info: Redefining \pageref on input line 6369.
\Hy@abspage=\count106
\c@Item=\count107
\c@Hfootnote=\count108
)

Package hyperref Message: Driver (autodetected): hpdftex.

(/usr/local/texlive/2015/texmf-dist/tex/latex/hyperref/hpdftex.def
File: hpdftex.def 2012/11/06 v6.83m Hyperref driver for pdfTeX
\Fld@listcount=\count109
\c@bookmark@seq@number=\count110

(/usr/local/texlive/2015/texmf-dist/tex/latex/oberdiek/rerunfilecheck.sty
Package: rerunfilecheck 2011/04/15 v1.7 Rerun checks for auxiliary files (HO)
Package uniquecounter Info: New unique counter `rerunfilecheck' on input line 2
82.
)
\Hy@SectionHShift=\skip46
)
(/usr/local/texlive/2015/texmf-dist/tex/latex/caption/caption.sty
Package: caption 2013/05/02 v3.3-89 Customizing captions (AR)

(/usr/local/texlive/2015/texmf-dist/tex/latex/caption/caption3.sty
Package: caption3 2013/05/02 v1.6-88 caption3 kernel (AR)
Package caption3 Info: TeX engine: e-TeX on input line 57.
\captionmargin=\dimen125
\captionmargin@=\dimen126
\captionwidth=\dimen127
\caption@tempdima=\dimen128
\caption@indent=\dimen129
\caption@parindent=\dimen130
\caption@hangindent=\dimen131
)
\c@ContinuedFloat=\count111
Package caption Info: hyperref package is loaded.
)
(/usr/local/texlive/2015/texmf-dist/tex/latex/caption/subcaption.sty
Package: subcaption 2013/02/03 v1.1-62 Sub-captions (AR)
\c@subfigure=\count112
\c@subtable=\count113
)
(/usr/local/texlive/2015/texmf-dist/tex/latex/pgf/frontendlayer/tikz.sty
(/usr/local/texlive/2015/texmf-dist/tex/latex/pgf/basiclayer/pgf.sty
(/usr/local/texlive/2015/texmf-dist/tex/latex/pgf/utilities/pgfrcs.sty
(/usr/local/texlive/2015/texmf-dist/tex/generic/pgf/utilities/pgfutil-common.te
x
\pgfutil@everybye=\toks21
\pgfutil@tempdima=\dimen132
\pgfutil@tempdimb=\dimen133

(/usr/local/texlive/2015/texmf-dist/tex/generic/pgf/utilities/pgfutil-common-li
sts.tex))
(/usr/local/texlive/2015/texmf-dist/tex/generic/pgf/utilities/pgfutil-latex.def
\pgfutil@abb=\box29
(/usr/local/texlive/2015/texmf-dist/tex/latex/ms/everyshi.sty
Package: everyshi 2001/05/15 v3.00 EveryShipout Package (MS)
))
(/usr/local/texlive/2015/texmf-dist/tex/generic/pgf/utilities/pgfrcs.code.tex
Package: pgfrcs 2013/12/20 v3.0.0 (rcs-revision 1.28)
))
Package: pgf 2013/12/18 v3.0.0 (rcs-revision 1.14)
(/usr/local/texlive/2015/texmf-dist/tex/latex/pgf/basiclayer/pgfcore.sty
(/usr/local/texlive/2015/texmf-dist/tex/latex/pgf/systemlayer/pgfsys.sty
(/usr/local/texlive/2015/texmf-dist/tex/generic/pgf/systemlayer/pgfsys.code.tex
Package: pgfsys 2013/11/30 v3.0.0 (rcs-revision 1.47)
(/usr/local/texlive/2015/texmf-dist/tex/generic/pgf/utilities/pgfkeys.code.tex
\pgfkeys@pathtoks=\toks22
\pgfkeys@temptoks=\toks23

(/usr/local/texlive/2015/texmf-dist/tex/generic/pgf/utilities/pgfkeysfiltered.c
ode.tex
\pgfkeys@tmptoks=\toks24
))
\pgf@x=\dimen134
\pgf@y=\dimen135
\pgf@xa=\dimen136
\pgf@ya=\dimen137
\pgf@xb=\dimen138
\pgf@yb=\dimen139
\pgf@xc=\dimen140
\pgf@yc=\dimen141
\w@pgf@writea=\write4
\r@pgf@reada=\read1
\c@pgf@counta=\count114
\c@pgf@countb=\count115
\c@pgf@countc=\count116
\c@pgf@countd=\count117
\t@pgf@toka=\toks25
\t@pgf@tokb=\toks26
\t@pgf@tokc=\toks27

(/usr/local/texlive/2015/texmf-dist/tex/generic/pgf/systemlayer/pgf.cfg
File: pgf.cfg 2008/05/14  (rcs-revision 1.7)
)
Driver file for pgf: pgfsys-pdftex.def

(/usr/local/texlive/2015/texmf-dist/tex/generic/pgf/systemlayer/pgfsys-pdftex.d
ef
File: pgfsys-pdftex.def 2013/07/18  (rcs-revision 1.33)

(/usr/local/texlive/2015/texmf-dist/tex/generic/pgf/systemlayer/pgfsys-common-p
df.def
File: pgfsys-common-pdf.def 2013/10/10  (rcs-revision 1.13)
)))
(/usr/local/texlive/2015/texmf-dist/tex/generic/pgf/systemlayer/pgfsyssoftpath.
code.tex
File: pgfsyssoftpath.code.tex 2013/09/09  (rcs-revision 1.9)
\pgfsyssoftpath@smallbuffer@items=\count118
\pgfsyssoftpath@bigbuffer@items=\count119
)
(/usr/local/texlive/2015/texmf-dist/tex/generic/pgf/systemlayer/pgfsysprotocol.
code.tex
File: pgfsysprotocol.code.tex 2006/10/16  (rcs-revision 1.4)
))
(/usr/local/texlive/2015/texmf-dist/tex/generic/pgf/basiclayer/pgfcore.code.tex
Package: pgfcore 2010/04/11 v3.0.0 (rcs-revision 1.7)
(/usr/local/texlive/2015/texmf-dist/tex/generic/pgf/math/pgfmath.code.tex
(/usr/local/texlive/2015/texmf-dist/tex/generic/pgf/math/pgfmathcalc.code.tex
(/usr/local/texlive/2015/texmf-dist/tex/generic/pgf/math/pgfmathutil.code.tex)
(/usr/local/texlive/2015/texmf-dist/tex/generic/pgf/math/pgfmathparser.code.tex
\pgfmath@dimen=\dimen142
\pgfmath@count=\count120
\pgfmath@box=\box30
\pgfmath@toks=\toks28
\pgfmath@stack@operand=\toks29
\pgfmath@stack@operation=\toks30
)
(/usr/local/texlive/2015/texmf-dist/tex/generic/pgf/math/pgfmathfunctions.code.
tex
(/usr/local/texlive/2015/texmf-dist/tex/generic/pgf/math/pgfmathfunctions.basic
.code.tex)
(/usr/local/texlive/2015/texmf-dist/tex/generic/pgf/math/pgfmathfunctions.trigo
nometric.code.tex)
(/usr/local/texlive/2015/texmf-dist/tex/generic/pgf/math/pgfmathfunctions.rando
m.code.tex)
(/usr/local/texlive/2015/texmf-dist/tex/generic/pgf/math/pgfmathfunctions.compa
rison.code.tex)
(/usr/local/texlive/2015/texmf-dist/tex/generic/pgf/math/pgfmathfunctions.base.
code.tex)
(/usr/local/texlive/2015/texmf-dist/tex/generic/pgf/math/pgfmathfunctions.round
.code.tex)
(/usr/local/texlive/2015/texmf-dist/tex/generic/pgf/math/pgfmathfunctions.misc.
code.tex)
(/usr/local/texlive/2015/texmf-dist/tex/generic/pgf/math/pgfmathfunctions.integ
erarithmetics.code.tex)))
(/usr/local/texlive/2015/texmf-dist/tex/generic/pgf/math/pgfmathfloat.code.tex
\c@pgfmathroundto@lastzeros=\count121
))
(/usr/local/texlive/2015/texmf-dist/tex/generic/pgf/basiclayer/pgfcorepoints.co
de.tex
File: pgfcorepoints.code.tex 2013/10/07  (rcs-revision 1.27)
\pgf@picminx=\dimen143
\pgf@picmaxx=\dimen144
\pgf@picminy=\dimen145
\pgf@picmaxy=\dimen146
\pgf@pathminx=\dimen147
\pgf@pathmaxx=\dimen148
\pgf@pathminy=\dimen149
\pgf@pathmaxy=\dimen150
\pgf@xx=\dimen151
\pgf@xy=\dimen152
\pgf@yx=\dimen153
\pgf@yy=\dimen154
\pgf@zx=\dimen155
\pgf@zy=\dimen156
)
(/usr/local/texlive/2015/texmf-dist/tex/generic/pgf/basiclayer/pgfcorepathconst
ruct.code.tex
File: pgfcorepathconstruct.code.tex 2013/10/07  (rcs-revision 1.29)
\pgf@path@lastx=\dimen157
\pgf@path@lasty=\dimen158
)
(/usr/local/texlive/2015/texmf-dist/tex/generic/pgf/basiclayer/pgfcorepathusage
.code.tex
File: pgfcorepathusage.code.tex 2013/12/13  (rcs-revision 1.23)
\pgf@shorten@end@additional=\dimen159
\pgf@shorten@start@additional=\dimen160
)
(/usr/local/texlive/2015/texmf-dist/tex/generic/pgf/basiclayer/pgfcorescopes.co
de.tex
File: pgfcorescopes.code.tex 2013/10/09  (rcs-revision 1.44)
\pgfpic=\box31
\pgf@hbox=\box32
\pgf@layerbox@main=\box33
\pgf@picture@serial@count=\count122
)
(/usr/local/texlive/2015/texmf-dist/tex/generic/pgf/basiclayer/pgfcoregraphicst
ate.code.tex
File: pgfcoregraphicstate.code.tex 2013/09/19  (rcs-revision 1.11)
\pgflinewidth=\dimen161
)
(/usr/local/texlive/2015/texmf-dist/tex/generic/pgf/basiclayer/pgfcoretransform
ations.code.tex
File: pgfcoretransformations.code.tex 2013/10/10  (rcs-revision 1.17)
\pgf@pt@x=\dimen162
\pgf@pt@y=\dimen163
\pgf@pt@temp=\dimen164
)
(/usr/local/texlive/2015/texmf-dist/tex/generic/pgf/basiclayer/pgfcorequick.cod
e.tex
File: pgfcorequick.code.tex 2008/10/09  (rcs-revision 1.3)
)
(/usr/local/texlive/2015/texmf-dist/tex/generic/pgf/basiclayer/pgfcoreobjects.c
ode.tex
File: pgfcoreobjects.code.tex 2006/10/11  (rcs-revision 1.2)
)
(/usr/local/texlive/2015/texmf-dist/tex/generic/pgf/basiclayer/pgfcorepathproce
ssing.code.tex
File: pgfcorepathprocessing.code.tex 2013/09/09  (rcs-revision 1.9)
)
(/usr/local/texlive/2015/texmf-dist/tex/generic/pgf/basiclayer/pgfcorearrows.co
de.tex
File: pgfcorearrows.code.tex 2013/11/07  (rcs-revision 1.40)
\pgfarrowsep=\dimen165
)
(/usr/local/texlive/2015/texmf-dist/tex/generic/pgf/basiclayer/pgfcoreshade.cod
e.tex
File: pgfcoreshade.code.tex 2013/07/15  (rcs-revision 1.15)
\pgf@max=\dimen166
\pgf@sys@shading@range@num=\count123
)
(/usr/local/texlive/2015/texmf-dist/tex/generic/pgf/basiclayer/pgfcoreimage.cod
e.tex
File: pgfcoreimage.code.tex 2013/07/15  (rcs-revision 1.18)

(/usr/local/texlive/2015/texmf-dist/tex/generic/pgf/basiclayer/pgfcoreexternal.
code.tex
File: pgfcoreexternal.code.tex 2013/07/15  (rcs-revision 1.20)
\pgfexternal@startupbox=\box34
))
(/usr/local/texlive/2015/texmf-dist/tex/generic/pgf/basiclayer/pgfcorelayers.co
de.tex
File: pgfcorelayers.code.tex 2013/07/18  (rcs-revision 1.7)
)
(/usr/local/texlive/2015/texmf-dist/tex/generic/pgf/basiclayer/pgfcoretranspare
ncy.code.tex
File: pgfcoretransparency.code.tex 2013/09/30  (rcs-revision 1.5)
)
(/usr/local/texlive/2015/texmf-dist/tex/generic/pgf/basiclayer/pgfcorepatterns.
code.tex
File: pgfcorepatterns.code.tex 2013/11/07  (rcs-revision 1.5)
)))
(/usr/local/texlive/2015/texmf-dist/tex/generic/pgf/modules/pgfmoduleshapes.cod
e.tex
File: pgfmoduleshapes.code.tex 2013/10/31  (rcs-revision 1.34)
\pgfnodeparttextbox=\box35
)
(/usr/local/texlive/2015/texmf-dist/tex/generic/pgf/modules/pgfmoduleplot.code.
tex
File: pgfmoduleplot.code.tex 2013/07/31  (rcs-revision 1.12)
)
(/usr/local/texlive/2015/texmf-dist/tex/latex/pgf/compatibility/pgfcomp-version
-0-65.sty
Package: pgfcomp-version-0-65 2007/07/03 v3.0.0 (rcs-revision 1.7)
\pgf@nodesepstart=\dimen167
\pgf@nodesepend=\dimen168
)
(/usr/local/texlive/2015/texmf-dist/tex/latex/pgf/compatibility/pgfcomp-version
-1-18.sty
Package: pgfcomp-version-1-18 2007/07/23 v3.0.0 (rcs-revision 1.1)
))
(/usr/local/texlive/2015/texmf-dist/tex/latex/pgf/utilities/pgffor.sty
(/usr/local/texlive/2015/texmf-dist/tex/latex/pgf/utilities/pgfkeys.sty
(/usr/local/texlive/2015/texmf-dist/tex/generic/pgf/utilities/pgfkeys.code.tex)
) (/usr/local/texlive/2015/texmf-dist/tex/latex/pgf/math/pgfmath.sty
(/usr/local/texlive/2015/texmf-dist/tex/generic/pgf/math/pgfmath.code.tex))
(/usr/local/texlive/2015/texmf-dist/tex/generic/pgf/utilities/pgffor.code.tex
Package: pgffor 2013/12/13 v3.0.0 (rcs-revision 1.25)

(/usr/local/texlive/2015/texmf-dist/tex/generic/pgf/math/pgfmath.code.tex)
\pgffor@iter=\dimen169
\pgffor@skip=\dimen170
\pgffor@stack=\toks31
\pgffor@toks=\toks32
))
(/usr/local/texlive/2015/texmf-dist/tex/generic/pgf/frontendlayer/tikz/tikz.cod
e.tex
Package: tikz 2013/12/13 v3.0.0 (rcs-revision 1.142)

(/usr/local/texlive/2015/texmf-dist/tex/generic/pgf/libraries/pgflibraryplothan
dlers.code.tex
File: pgflibraryplothandlers.code.tex 2013/08/31 v3.0.0 (rcs-revision 1.20)
\pgf@plot@mark@count=\count124
\pgfplotmarksize=\dimen171
)
\tikz@lastx=\dimen172
\tikz@lasty=\dimen173
\tikz@lastxsaved=\dimen174
\tikz@lastysaved=\dimen175
\tikzleveldistance=\dimen176
\tikzsiblingdistance=\dimen177
\tikz@figbox=\box36
\tikz@figbox@bg=\box37
\tikz@tempbox=\box38
\tikz@tempbox@bg=\box39
\tikztreelevel=\count125
\tikznumberofchildren=\count126
\tikznumberofcurrentchild=\count127
\tikz@fig@count=\count128

(/usr/local/texlive/2015/texmf-dist/tex/generic/pgf/modules/pgfmodulematrix.cod
e.tex
File: pgfmodulematrix.code.tex 2013/09/17  (rcs-revision 1.8)
\pgfmatrixcurrentrow=\count129
\pgfmatrixcurrentcolumn=\count130
\pgf@matrix@numberofcolumns=\count131
)
\tikz@expandcount=\count132

(/usr/local/texlive/2015/texmf-dist/tex/generic/pgf/frontendlayer/tikz/librarie
s/tikzlibrarytopaths.code.tex
File: tikzlibrarytopaths.code.tex 2008/06/17 v3.0.0 (rcs-revision 1.2)
)))
(/usr/local/texlive/2015/texmf-dist/tex/latex/pgfplots/pgfplots.sty
(/usr/local/texlive/2015/texmf-dist/tex/generic/pgfplots/pgfplots.revision.tex)
Package: pgfplots 2015/05/02 v1.12.1 Data Visualization (1.12.1)
(/usr/local/texlive/2015/texmf-dist/tex/generic/pgfplots/pgfplots.code.tex
(/usr/local/texlive/2015/texmf-dist/tex/generic/pgfplots/pgfplotscore.code.tex
\t@pgfplots@toka=\toks33
\t@pgfplots@tokb=\toks34
\t@pgfplots@tokc=\toks35
\pgfplots@tmpa=\dimen178
\c@pgfplots@coordindex=\count133
\c@pgfplots@scanlineindex=\count134

(/usr/local/texlive/2015/texmf-dist/tex/generic/pgfplots/sys/pgfplotssysgeneric
.code.tex))
(/usr/local/texlive/2015/texmf-dist/tex/generic/pgfplots/libs/pgfplotslibrary.c
ode.tex)
(/usr/local/texlive/2015/texmf-dist/tex/generic/pgfplots/oldpgfcompatib/pgfplot
soldpgfsupp_loader.code.tex
(/usr/local/texlive/2015/texmf-dist/tex/generic/pgf/libraries/pgflibraryfpu.cod
e.tex)
Package pgfplots: loading complementary arithmetics for your pgf version...

(/usr/local/texlive/2015/texmf-dist/tex/generic/pgfplots/oldpgfcompatib/pgfplot
soldpgfsupp_pgflibraryfpu.code.tex)
(/usr/local/texlive/2015/texmf-dist/tex/generic/pgfplots/oldpgfcompatib/pgfplot
soldpgfsupp_pgfmathfloat.code.tex
\c@pgfmathroundto@lastzeros=\count135
)
(/usr/local/texlive/2015/texmf-dist/tex/generic/pgfplots/oldpgfcompatib/pgfplot
soldpgfsupp_trig_format.code.tex))
(/usr/local/texlive/2015/texmf-dist/tex/generic/pgfplots/util/pgfplotsutil.code
.tex
(/usr/local/texlive/2015/texmf-dist/tex/generic/pgfplots/liststructure/pgfplots
liststructure.code.tex)
(/usr/local/texlive/2015/texmf-dist/tex/generic/pgfplots/liststructure/pgfplots
liststructureext.code.tex)
(/usr/local/texlive/2015/texmf-dist/tex/generic/pgfplots/liststructure/pgfplots
array.code.tex
\c@pgfplotsarray@tmp=\count136
)
(/usr/local/texlive/2015/texmf-dist/tex/generic/pgfplots/liststructure/pgfplots
matrix.code.tex)
(/usr/local/texlive/2015/texmf-dist/tex/generic/pgfplots/numtable/pgfplotstable
shared.code.tex
\c@pgfplotstable@counta=\count137
\t@pgfplotstable@a=\toks36
)
(/usr/local/texlive/2015/texmf-dist/tex/generic/pgfplots/liststructure/pgfplots
deque.code.tex)
(/usr/local/texlive/2015/texmf-dist/tex/generic/pgfplots/util/pgfplotsbinary.co
de.tex
(/usr/local/texlive/2015/texmf-dist/tex/generic/pgfplots/util/pgfplotsbinary.da
ta.code.tex))
(/usr/local/texlive/2015/texmf-dist/tex/generic/pgfplots/util/pgfplotsutil.verb
.code.tex)
(/usr/local/texlive/2015/texmf-dist/tex/generic/pgfplots/libs/pgflibrarypgfplot
s.surfshading.code.tex
\c@pgfplotslibrarysurf@no=\count138

(/usr/local/texlive/2015/texmf-dist/tex/generic/pgfplots/sys/pgflibrarypgfplots
.surfshading.pgfsys-pdftex.def)))
(/usr/local/texlive/2015/texmf-dist/tex/generic/pgfplots/util/pgfplotscolormap.
code.tex
(/usr/local/texlive/2015/texmf-dist/tex/generic/pgfplots/util/pgfplotscolor.cod
e.tex))
(/usr/local/texlive/2015/texmf-dist/tex/generic/pgfplots/pgfplotsstackedplots.c
ode.tex)
(/usr/local/texlive/2015/texmf-dist/tex/generic/pgfplots/pgfplotsplothandlers.c
ode.tex
(/usr/local/texlive/2015/texmf-dist/tex/generic/pgfplots/pgfplotsmeshplothandle
r.code.tex))
(/usr/local/texlive/2015/texmf-dist/tex/generic/pgfplots/pgfplots.scaling.code.
tex)
(/usr/local/texlive/2015/texmf-dist/tex/generic/pgfplots/pgfplotscoordprocessin
g.code.tex)
(/usr/local/texlive/2015/texmf-dist/tex/generic/pgfplots/pgfplots.errorbars.cod
e.tex)
(/usr/local/texlive/2015/texmf-dist/tex/generic/pgfplots/pgfplots.markers.code.
tex)
(/usr/local/texlive/2015/texmf-dist/tex/generic/pgfplots/pgfplotsticks.code.tex
)
(/usr/local/texlive/2015/texmf-dist/tex/generic/pgfplots/pgfplots.paths.code.te
x)
(/usr/local/texlive/2015/texmf-dist/tex/generic/pgf/frontendlayer/tikz/librarie
s/tikzlibrarydecorations.code.tex
(/usr/local/texlive/2015/texmf-dist/tex/generic/pgf/modules/pgfmoduledecoration
s.code.tex
\pgfdecoratedcompleteddistance=\dimen179
\pgfdecoratedremainingdistance=\dimen180
\pgfdecoratedinputsegmentcompleteddistance=\dimen181
\pgfdecoratedinputsegmentremainingdistance=\dimen182
\pgf@decorate@distancetomove=\dimen183
\pgf@decorate@repeatstate=\count139
\pgfdecorationsegmentamplitude=\dimen184
\pgfdecorationsegmentlength=\dimen185
)
\tikz@lib@dec@box=\box40
)
(/usr/local/texlive/2015/texmf-dist/tex/generic/pgf/frontendlayer/tikz/librarie
s/tikzlibrarydecorations.pathmorphing.code.tex
(/usr/local/texlive/2015/texmf-dist/tex/generic/pgf/libraries/decorations/pgfli
brarydecorations.pathmorphing.code.tex))
(/usr/local/texlive/2015/texmf-dist/tex/generic/pgf/frontendlayer/tikz/librarie
s/tikzlibrarydecorations.pathreplacing.code.tex
(/usr/local/texlive/2015/texmf-dist/tex/generic/pgf/libraries/decorations/pgfli
brarydecorations.pathreplacing.code.tex))
\pgfplots@numplots=\count140
\pgfplots@xmin@reg=\dimen186
\pgfplots@xmax@reg=\dimen187
\pgfplots@ymin@reg=\dimen188
\pgfplots@ymax@reg=\dimen189
\pgfplots@zmin@reg=\dimen190
\pgfplots@zmax@reg=\dimen191
)
(/usr/local/texlive/2015/texmf-dist/tex/generic/pgf/frontendlayer/tikz/librarie
s/tikzlibraryplotmarks.code.tex
File: tikzlibraryplotmarks.code.tex 2008/01/09 v3.0.0 (rcs-revision 1.1)

(/usr/local/texlive/2015/texmf-dist/tex/generic/pgf/libraries/pgflibraryplotmar
ks.code.tex
File: pgflibraryplotmarks.code.tex 2013/07/20 v3.0.0 (rcs-revision 1.13)
))) (/usr/local/texlive/2015/texmf-dist/tex/latex/units/units.sty
Package: units 1998/08/04 v0.9b Typesetting units

(/usr/local/texlive/2015/texmf-dist/tex/latex/base/ifthen.sty
Package: ifthen 2014/09/29 v1.1c Standard LaTeX ifthen package (DPC)
)
(/usr/local/texlive/2015/texmf-dist/tex/latex/units/nicefrac.sty
Package: nicefrac 1998/08/04 v0.9b Nice fractions
\L@UnitsRaiseDisplaystyle=\skip47
\L@UnitsRaiseTextstyle=\skip48
\L@UnitsRaiseScriptstyle=\skip49
))
(/usr/local/texlive/2015/texmf-dist/tex/latex/metalogo/metalogo.sty
Package: metalogo 2010/05/29 v0.12 Extended TeX logo macros
\xl@everylogo=\toks37
\xl@@everylogo=\toks38
LaTeX Info: Redefining \TeX on input line 193.
LaTeX Info: Redefining \LaTeX on input line 202.
LaTeX Info: Redefining \LaTeXe on input line 219.
))
(./Project_wavelets.aux

LaTeX Warning: Label `fig:tiger' multiply defined.


LaTeX Warning: Label `sub@fig:tiger' multiply defined.


LaTeX Warning: Label `fig:mouse' multiply defined.


LaTeX Warning: Label `sub@fig:mouse' multiply defined.


LaTeX Warning: Label `fig:animals' multiply defined.


LaTeX Warning: Label `fig:tiger' multiply defined.


LaTeX Warning: Label `sub@fig:tiger' multiply defined.


LaTeX Warning: Label `fig:mouse' multiply defined.


LaTeX Warning: Label `sub@fig:mouse' multiply defined.


LaTeX Warning: Label `fig:tiger' multiply defined.


LaTeX Warning: Label `sub@fig:tiger' multiply defined.


LaTeX Warning: Label `fig:mouse' multiply defined.


LaTeX Warning: Label `sub@fig:mouse' multiply defined.


LaTeX Warning: Label `fig:tiger' multiply defined.


LaTeX Warning: Label `sub@fig:tiger' multiply defined.


LaTeX Warning: Label `fig:mouse' multiply defined.


LaTeX Warning: Label `sub@fig:mouse' multiply defined.


LaTeX Warning: Label `fig:tiger' multiply defined.


LaTeX Warning: Label `sub@fig:tiger' multiply defined.


LaTeX Warning: Label `fig:mouse' multiply defined.


LaTeX Warning: Label `sub@fig:mouse' multiply defined.


LaTeX Warning: Label `fig:tiger' multiply defined.


LaTeX Warning: Label `sub@fig:tiger' multiply defined.


LaTeX Warning: Label `fig:mouse' multiply defined.


LaTeX Warning: Label `sub@fig:mouse' multiply defined.


LaTeX Warning: Label `fig:tiger' multiply defined.


LaTeX Warning: Label `sub@fig:tiger' multiply defined.


LaTeX Warning: Label `fig:mouse' multiply defined.


LaTeX Warning: Label `sub@fig:mouse' multiply defined.


LaTeX Warning: Label `fig:tiger' multiply defined.


LaTeX Warning: Label `sub@fig:tiger' multiply defined.


LaTeX Warning: Label `fig:mouse' multiply defined.


LaTeX Warning: Label `sub@fig:mouse' multiply defined.


LaTeX Warning: Label `fig:animals' multiply defined.


LaTeX Warning: Label `fig:tiger' multiply defined.


LaTeX Warning: Label `sub@fig:tiger' multiply defined.


LaTeX Warning: Label `fig:mouse' multiply defined.


LaTeX Warning: Label `sub@fig:mouse' multiply defined.


LaTeX Warning: Label `fig:tiger' multiply defined.


LaTeX Warning: Label `sub@fig:tiger' multiply defined.


LaTeX Warning: Label `fig:mouse' multiply defined.


LaTeX Warning: Label `sub@fig:mouse' multiply defined.


LaTeX Warning: Label `fig:tiger' multiply defined.


LaTeX Warning: Label `sub@fig:tiger' multiply defined.


LaTeX Warning: Label `fig:mouse' multiply defined.


LaTeX Warning: Label `sub@fig:mouse' multiply defined.


LaTeX Warning: Label `fig:tiger' multiply defined.


LaTeX Warning: Label `sub@fig:tiger' multiply defined.


LaTeX Warning: Label `fig:mouse' multiply defined.


LaTeX Warning: Label `sub@fig:mouse' multiply defined.


LaTeX Warning: Label `fig:animals' multiply defined.


LaTeX Warning: Label `fig:tiger' multiply defined.


LaTeX Warning: Label `sub@fig:tiger' multiply defined.


LaTeX Warning: Label `fig:mouse' multiply defined.


LaTeX Warning: Label `sub@fig:mouse' multiply defined.


LaTeX Warning: Label `fig:animals' multiply defined.


LaTeX Warning: Label `fig:tiger' multiply defined.


LaTeX Warning: Label `sub@fig:tiger' multiply defined.


LaTeX Warning: Label `fig:mouse' multiply defined.


LaTeX Warning: Label `sub@fig:mouse' multiply defined.


LaTeX Warning: Label `fig:tiger' multiply defined.


LaTeX Warning: Label `sub@fig:tiger' multiply defined.


LaTeX Warning: Label `fig:mouse' multiply defined.


LaTeX Warning: Label `sub@fig:mouse' multiply defined.


LaTeX Warning: Label `fig:baboon' multiply defined.


LaTeX Warning: Label `fig:mouse' multiply defined.


LaTeX Warning: Label `sub@fig:mouse' multiply defined.


LaTeX Warning: Label `fig:tiger' multiply defined.


LaTeX Warning: Label `sub@fig:tiger' multiply defined.


LaTeX Warning: Label `fig:mouse' multiply defined.


LaTeX Warning: Label `sub@fig:mouse' multiply defined.


LaTeX Warning: Label `fig:baboon' multiply defined.


LaTeX Warning: Label `fig:tiger' multiply defined.


LaTeX Warning: Label `sub@fig:tiger' multiply defined.


LaTeX Warning: Label `fig:mouse' multiply defined.


LaTeX Warning: Label `sub@fig:mouse' multiply defined.


LaTeX Warning: Label `fig:baboon' multiply defined.


LaTeX Warning: Label `fig:tiger' multiply defined.


LaTeX Warning: Label `sub@fig:tiger' multiply defined.


LaTeX Warning: Label `fig:mouse' multiply defined.


LaTeX Warning: Label `sub@fig:mouse' multiply defined.


LaTeX Warning: Label `fig:baboon' multiply defined.

)
\openout1 = `Project_wavelets.aux'.

LaTeX Font Info:    Checking defaults for OML/cmm/m/it on input line 7.
LaTeX Font Info:    ... okay on input line 7.
LaTeX Font Info:    Checking defaults for T1/cmr/m/n on input line 7.
LaTeX Font Info:    ... okay on input line 7.
LaTeX Font Info:    Checking defaults for OT1/cmr/m/n on input line 7.
LaTeX Font Info:    ... okay on input line 7.
LaTeX Font Info:    Checking defaults for OMS/cmsy/m/n on input line 7.
LaTeX Font Info:    ... okay on input line 7.
LaTeX Font Info:    Checking defaults for OMX/cmex/m/n on input line 7.
LaTeX Font Info:    ... okay on input line 7.
LaTeX Font Info:    Checking defaults for U/cmr/m/n on input line 7.
LaTeX Font Info:    ... okay on input line 7.
LaTeX Font Info:    Checking defaults for TS1/cmr/m/n on input line 7.
LaTeX Font Info:    ... okay on input line 7.
LaTeX Font Info:    Checking defaults for PD1/pdf/m/n on input line 7.
LaTeX Font Info:    ... okay on input line 7.
 (/usr/local/texlive/2015/texmf-dist/tex/context/base/supp-pdf.mkii
[Loading MPS to PDF converter (version 2006.09.02).]
\scratchcounter=\count141
\scratchdimen=\dimen192
\scratchbox=\box41
\nofMPsegments=\count142
\nofMParguments=\count143
\everyMPshowfont=\toks39
\MPscratchCnt=\count144
\MPscratchDim=\dimen193
\MPnumerator=\count145
\makeMPintoPDFobject=\count146
\everyMPtoPDFconversion=\toks40
) (/usr/local/texlive/2015/texmf-dist/tex/latex/oberdiek/epstopdf-base.sty
Package: epstopdf-base 2010/02/09 v2.5 Base part for package epstopdf

(/usr/local/texlive/2015/texmf-dist/tex/latex/oberdiek/grfext.sty
Package: grfext 2010/08/19 v1.1 Manage graphics extensions (HO)
)
Package grfext Info: Graphics extension search list:
(grfext)             [.png,.pdf,.jpg,.mps,.jpeg,.jbig2,.jb2,.PNG,.PDF,.JPG,.JPE
G,.JBIG2,.JB2,.eps]
(grfext)             \AppendGraphicsExtensions on input line 452.

(/usr/local/texlive/2015/texmf-dist/tex/latex/latexconfig/epstopdf-sys.cfg
File: epstopdf-sys.cfg 2010/07/13 v1.3 Configuration of (r)epstopdf for TeX Liv
e
))
\AtBeginShipoutBox=\box42
Package hyperref Info: Link coloring OFF on input line 7.

(/usr/local/texlive/2015/texmf-dist/tex/latex/hyperref/nameref.sty
Package: nameref 2012/10/27 v2.43 Cross-referencing by name of section

(/usr/local/texlive/2015/texmf-dist/tex/generic/oberdiek/gettitlestring.sty
Package: gettitlestring 2010/12/03 v1.4 Cleanup title references (HO)
)
\c@section@level=\count147
)
LaTeX Info: Redefining \ref on input line 7.
LaTeX Info: Redefining \pageref on input line 7.
LaTeX Info: Redefining \nameref on input line 7.

(./Project_wavelets.out) (./Project_wavelets.out)
\@outlinefile=\write5
\openout5 = `Project_wavelets.out'.

Package caption Info: Begin \AtBeginDocument code.
Package caption Info: End \AtBeginDocument code.

ABD: EveryShipout initializing macros

Package pgfplots Warning: running in backwards compatibility mode (unsuitable t
ick labels; missing features). Consider writing \pgfplotsset{compat=1.12} into 
your preamble.
 on input line 7.

Package babel Info: Redefining dutch shorthand "|
(babel)             in language  on input line 11.
Package babel Info: Redefining dutch shorthand "~
(babel)             in language  on input line 11.

<../src/denoising/haar_noNoise/coef_exp_haar_2.pdf, id=15, 301.125pt x 200.75pt
>
File: ../src/denoising/haar_noNoise/coef_exp_haar_2.pdf Graphic file (type pdf)

 <use ../src/denoising/haar_noNoise/coef_exp_haar_2.pdf>
Package pdftex.def Info: ../src/denoising/haar_noNoise/coef_exp_haar_2.pdf used
 on input line 21.
(pdftex.def)             Requested size: 204.85844pt x 136.57863pt.

<../src/denoising/haar_noNoise/MRA_exp_haar_2.pdf, id=16, 301.125pt x 200.75pt>
File: ../src/denoising/haar_noNoise/MRA_exp_haar_2.pdf Graphic file (type pdf)
<use ../src/denoising/haar_noNoise/MRA_exp_haar_2.pdf>
Package pdftex.def Info: ../src/denoising/haar_noNoise/MRA_exp_haar_2.pdf used 
on input line 28.
(pdftex.def)             Requested size: 204.85844pt x 136.57863pt.

<../src/denoising/haar_noNoise/coef_exp_haar_3.pdf, id=17, 301.125pt x 200.75pt
>
File: ../src/denoising/haar_noNoise/coef_exp_haar_3.pdf Graphic file (type pdf)

 <use ../src/denoising/haar_noNoise/coef_exp_haar_3.pdf>
Package pdftex.def Info: ../src/denoising/haar_noNoise/coef_exp_haar_3.pdf used
 on input line 33.
(pdftex.def)             Requested size: 204.85844pt x 136.57863pt.

<../src/denoising/haar_noNoise/MRA_exp_haar_3.pdf, id=18, 301.125pt x 200.75pt>
File: ../src/denoising/haar_noNoise/MRA_exp_haar_3.pdf Graphic file (type pdf)
<use ../src/denoising/haar_noNoise/MRA_exp_haar_3.pdf>
Package pdftex.def Info: ../src/denoising/haar_noNoise/MRA_exp_haar_3.pdf used 
on input line 40.
(pdftex.def)             Requested size: 204.85844pt x 136.57863pt.

<../src/denoising/haar_noNoise/coef_exp_haar_4.pdf, id=19, 301.125pt x 200.75pt
>
File: ../src/denoising/haar_noNoise/coef_exp_haar_4.pdf Graphic file (type pdf)

 <use ../src/denoising/haar_noNoise/coef_exp_haar_4.pdf>
Package pdftex.def Info: ../src/denoising/haar_noNoise/coef_exp_haar_4.pdf used
 on input line 45.
(pdftex.def)             Requested size: 204.85844pt x 136.57863pt.

<../src/denoising/haar_noNoise/MRA_exp_haar_4.pdf, id=20, 301.125pt x 200.75pt>
File: ../src/denoising/haar_noNoise/MRA_exp_haar_4.pdf Graphic file (type pdf)
<use ../src/denoising/haar_noNoise/MRA_exp_haar_4.pdf>
Package pdftex.def Info: ../src/denoising/haar_noNoise/MRA_exp_haar_4.pdf used 
on input line 52.
(pdftex.def)             Requested size: 204.85844pt x 136.57863pt.

<../src/denoising/haar_noNoise/coef_exp_haar_5.pdf, id=21, 301.125pt x 200.75pt
>
File: ../src/denoising/haar_noNoise/coef_exp_haar_5.pdf Graphic file (type pdf)

 <use ../src/denoising/haar_noNoise/coef_exp_haar_5.pdf>
Package pdftex.def Info: ../src/denoising/haar_noNoise/coef_exp_haar_5.pdf used
 on input line 57.
(pdftex.def)             Requested size: 204.85844pt x 136.57863pt.

<../src/denoising/haar_noNoise/MRA_exp_haar_5.pdf, id=22, 301.125pt x 200.75pt>
File: ../src/denoising/haar_noNoise/MRA_exp_haar_5.pdf Graphic file (type pdf)
<use ../src/denoising/haar_noNoise/MRA_exp_haar_5.pdf>
Package pdftex.def Info: ../src/denoising/haar_noNoise/MRA_exp_haar_5.pdf used 
on input line 64.
(pdftex.def)             Requested size: 204.85844pt x 136.57863pt.

<../src/denoising/db2_noNoise/coef_exp_db2_2.pdf, id=23, 301.125pt x 200.75pt>
File: ../src/denoising/db2_noNoise/coef_exp_db2_2.pdf Graphic file (type pdf)

<use ../src/denoising/db2_noNoise/coef_exp_db2_2.pdf>
Package pdftex.def Info: ../src/denoising/db2_noNoise/coef_exp_db2_2.pdf used o
n input line 75.
(pdftex.def)             Requested size: 204.85844pt x 136.57863pt.

<../src/denoising/db2_noNoise/MRA_exp_db2_2.pdf, id=24, 301.125pt x 200.75pt>
File: ../src/denoising/db2_noNoise/MRA_exp_db2_2.pdf Graphic file (type pdf)

<use ../src/denoising/db2_noNoise/MRA_exp_db2_2.pdf>
Package pdftex.def Info: ../src/denoising/db2_noNoise/MRA_exp_db2_2.pdf used on
 input line 82.
(pdftex.def)             Requested size: 204.85844pt x 136.57863pt.

<../src/denoising/db2_noNoise/coef_exp_db2_3.pdf, id=25, 301.125pt x 200.75pt>
File: ../src/denoising/db2_noNoise/coef_exp_db2_3.pdf Graphic file (type pdf)

<use ../src/denoising/db2_noNoise/coef_exp_db2_3.pdf>
Package pdftex.def Info: ../src/denoising/db2_noNoise/coef_exp_db2_3.pdf used o
n input line 87.
(pdftex.def)             Requested size: 204.85844pt x 136.57863pt.

<../src/denoising/db2_noNoise/MRA_exp_db2_3.pdf, id=26, 301.125pt x 200.75pt>
File: ../src/denoising/db2_noNoise/MRA_exp_db2_3.pdf Graphic file (type pdf)

<use ../src/denoising/db2_noNoise/MRA_exp_db2_3.pdf>
Package pdftex.def Info: ../src/denoising/db2_noNoise/MRA_exp_db2_3.pdf used on
 input line 94.
(pdftex.def)             Requested size: 204.85844pt x 136.57863pt.

<../src/denoising/db2_noNoise/coef_exp_db2_4.pdf, id=27, 301.125pt x 200.75pt>
File: ../src/denoising/db2_noNoise/coef_exp_db2_4.pdf Graphic file (type pdf)

<use ../src/denoising/db2_noNoise/coef_exp_db2_4.pdf>
Package pdftex.def Info: ../src/denoising/db2_noNoise/coef_exp_db2_4.pdf used o
n input line 99.
(pdftex.def)             Requested size: 204.85844pt x 136.57863pt.

<../src/denoising/db2_noNoise/MRA_exp_db2_4.pdf, id=28, 301.125pt x 200.75pt>
File: ../src/denoising/db2_noNoise/MRA_exp_db2_4.pdf Graphic file (type pdf)

<use ../src/denoising/db2_noNoise/MRA_exp_db2_4.pdf>
Package pdftex.def Info: ../src/denoising/db2_noNoise/MRA_exp_db2_4.pdf used on
 input line 106.
(pdftex.def)             Requested size: 204.85844pt x 136.57863pt.

<../src/denoising/db2_noNoise/coef_exp_db2_5.pdf, id=29, 301.125pt x 200.75pt>
File: ../src/denoising/db2_noNoise/coef_exp_db2_5.pdf Graphic file (type pdf)

<use ../src/denoising/db2_noNoise/coef_exp_db2_5.pdf>
Package pdftex.def Info: ../src/denoising/db2_noNoise/coef_exp_db2_5.pdf used o
n input line 111.
(pdftex.def)             Requested size: 204.85844pt x 136.57863pt.

<../src/denoising/db2_noNoise/MRA_exp_db2_5.pdf, id=30, 301.125pt x 200.75pt>
File: ../src/denoising/db2_noNoise/MRA_exp_db2_5.pdf Graphic file (type pdf)

<use ../src/denoising/db2_noNoise/MRA_exp_db2_5.pdf>
Package pdftex.def Info: ../src/denoising/db2_noNoise/MRA_exp_db2_5.pdf used on
 input line 118.
(pdftex.def)             Requested size: 204.85844pt x 136.57863pt.

<../src/denoising/db45_noNoise/coef_exp_db45_2.pdf, id=31, 301.125pt x 200.75pt
>
File: ../src/denoising/db45_noNoise/coef_exp_db45_2.pdf Graphic file (type pdf)

 <use ../src/denoising/db45_noNoise/coef_exp_db45_2.pdf>
Package pdftex.def Info: ../src/denoising/db45_noNoise/coef_exp_db45_2.pdf used
 on input line 129.
(pdftex.def)             Requested size: 204.85844pt x 136.57863pt.

<../src/denoising/db45_noNoise/MRA_exp_db45_2.pdf, id=32, 301.125pt x 200.75pt>
File: ../src/denoising/db45_noNoise/MRA_exp_db45_2.pdf Graphic file (type pdf)
<use ../src/denoising/db45_noNoise/MRA_exp_db45_2.pdf>
Package pdftex.def Info: ../src/denoising/db45_noNoise/MRA_exp_db45_2.pdf used 
on input line 136.
(pdftex.def)             Requested size: 204.85844pt x 136.57863pt.

<../src/denoising/db45_noNoise/coef_exp_db45_3.pdf, id=33, 301.125pt x 200.75pt
>
File: ../src/denoising/db45_noNoise/coef_exp_db45_3.pdf Graphic file (type pdf)

 <use ../src/denoising/db45_noNoise/coef_exp_db45_3.pdf>
Package pdftex.def Info: ../src/denoising/db45_noNoise/coef_exp_db45_3.pdf used
 on input line 141.
(pdftex.def)             Requested size: 204.85844pt x 136.57863pt.

<../src/denoising/db45_noNoise/MRA_exp_db45_3.pdf, id=34, 301.125pt x 200.75pt>
File: ../src/denoising/db45_noNoise/MRA_exp_db45_3.pdf Graphic file (type pdf)
<use ../src/denoising/db45_noNoise/MRA_exp_db45_3.pdf>
Package pdftex.def Info: ../src/denoising/db45_noNoise/MRA_exp_db45_3.pdf used 
on input line 148.
(pdftex.def)             Requested size: 204.85844pt x 136.57863pt.

<../src/denoising/db45_noNoise/coef_exp_db45_4.pdf, id=35, 301.125pt x 200.75pt
>
File: ../src/denoising/db45_noNoise/coef_exp_db45_4.pdf Graphic file (type pdf)

 <use ../src/denoising/db45_noNoise/coef_exp_db45_4.pdf>
Package pdftex.def Info: ../src/denoising/db45_noNoise/coef_exp_db45_4.pdf used
 on input line 153.
(pdftex.def)             Requested size: 204.85844pt x 136.57863pt.

<../src/denoising/db45_noNoise/MRA_exp_db45_4.pdf, id=36, 301.125pt x 200.75pt>
File: ../src/denoising/db45_noNoise/MRA_exp_db45_4.pdf Graphic file (type pdf)
<use ../src/denoising/db45_noNoise/MRA_exp_db45_4.pdf>
Package pdftex.def Info: ../src/denoising/db45_noNoise/MRA_exp_db45_4.pdf used 
on input line 160.
(pdftex.def)             Requested size: 204.85844pt x 136.57863pt.

<../src/denoising/db45_noNoise/coef_exp_db45_5.pdf, id=37, 301.125pt x 200.75pt
>
File: ../src/denoising/db45_noNoise/coef_exp_db45_5.pdf Graphic file (type pdf)

 <use ../src/denoising/db45_noNoise/coef_exp_db45_5.pdf>
Package pdftex.def Info: ../src/denoising/db45_noNoise/coef_exp_db45_5.pdf used
 on input line 165.
(pdftex.def)             Requested size: 204.85844pt x 136.57863pt.

<../src/denoising/db45_noNoise/MRA_exp_db45_5.pdf, id=38, 301.125pt x 200.75pt>
File: ../src/denoising/db45_noNoise/MRA_exp_db45_5.pdf Graphic file (type pdf)
<use ../src/denoising/db45_noNoise/MRA_exp_db45_5.pdf>
Package pdftex.def Info: ../src/denoising/db45_noNoise/MRA_exp_db45_5.pdf used 
on input line 172.
(pdftex.def)             Requested size: 204.85844pt x 136.57863pt.
Package babel Info: Redefining dutch shorthand "|
<<<<<<< HEAD
(babel)             in language  on input line 13.
Package babel Info: Redefining dutch shorthand "~
(babel)             in language  on input line 13.
Package babel Info: Redefining dutch shorthand "|
(babel)             in language  on input line 15.
Package babel Info: Redefining dutch shorthand "~
(babel)             in language  on input line 15.
Package babel Info: Redefining dutch shorthand "|
(babel)             in language  on input line 17.
Package babel Info: Redefining dutch shorthand "~
(babel)             in language  on input line 17.
<../src/denoising/task1_4_noise.png, id=27, 1417.295pt x 626.34pt>
File: ../src/denoising/task1_4_noise.png Graphic file (type png)

<use ../src/denoising/task1_4_noise.png>
Package pdftex.def Info: ../src/denoising/task1_4_noise.png used on input line 
22.
(pdftex.def)             Requested size: 204.85844pt x 90.52547pt.
File: ../src/denoising/task1_4_noise.png Graphic file (type png)

<use ../src/denoising/task1_4_noise.png>
Package pdftex.def Info: ../src/denoising/task1_4_noise.png used on input line 
29.
(pdftex.def)             Requested size: 204.85844pt x 90.52547pt.
Package babel Info: Redefining dutch shorthand "|
(babel)             in language  on input line 38.
Package babel Info: Redefining dutch shorthand "~
(babel)             in language  on input line 38.

<../src/inpainting/lena_broke.png, id=28, 513.92pt x 513.92pt>
File: ../src/inpainting/lena_broke.png Graphic file (type png)

<use ../src/inpainting/lena_broke.png>
Package pdftex.def Info: ../src/inpainting/lena_broke.png used on input line 43
.
(pdftex.def)             Requested size: 204.85844pt x 204.85858pt.

<../src/inpainting/lena_fixed.png, id=29, 513.92pt x 513.92pt>
File: ../src/inpainting/lena_fixed.png Graphic file (type png)

<use ../src/inpainting/lena_fixed.png>
Package pdftex.def Info: ../src/inpainting/lena_fixed.png used on input line 50
.
(pdftex.def)             Requested size: 204.85844pt x 204.85858pt.

<../src/inpainting/baboon_broke.png, id=30, 513.92pt x 513.92pt>
=======
(babel)             in language  on input line 182.
Package babel Info: Redefining dutch shorthand "~
(babel)             in language  on input line 182.

<../src/inpainting/lena_broke.png, id=39, 513.92pt x 513.92pt>
File: ../src/inpainting/lena_broke.png Graphic file (type png)

<use ../src/inpainting/lena_broke.png>
Package pdftex.def Info: ../src/inpainting/lena_broke.png used on input line 18
7.
(pdftex.def)             Requested size: 204.85844pt x 204.85858pt.

<../src/inpainting/lena_fixed.png, id=40, 513.92pt x 513.92pt>
File: ../src/inpainting/lena_fixed.png Graphic file (type png)

<use ../src/inpainting/lena_fixed.png>
Package pdftex.def Info: ../src/inpainting/lena_fixed.png used on input line 19
4.
(pdftex.def)             Requested size: 204.85844pt x 204.85858pt.

<../src/inpainting/baboon_broke.png, id=41, 513.92pt x 513.92pt>
>>>>>>> ed0a8a8c8517e4ea6ccb6ff75d04a197ebb169dc
File: ../src/inpainting/baboon_broke.png Graphic file (type png)

<use ../src/inpainting/baboon_broke.png>
Package pdftex.def Info: ../src/inpainting/baboon_broke.png used on input line 
<<<<<<< HEAD
63.
(pdftex.def)             Requested size: 204.85844pt x 204.85858pt.

<../src/inpainting/baboon_fixed.png, id=31, 513.92pt x 513.92pt>
=======
207.
(pdftex.def)             Requested size: 204.85844pt x 204.85858pt.

<../src/inpainting/baboon_fixed.png, id=42, 513.92pt x 513.92pt>
>>>>>>> ed0a8a8c8517e4ea6ccb6ff75d04a197ebb169dc
File: ../src/inpainting/baboon_fixed.png Graphic file (type png)

<use ../src/inpainting/baboon_fixed.png>
Package pdftex.def Info: ../src/inpainting/baboon_fixed.png used on input line 
<<<<<<< HEAD
70.
(pdftex.def)             Requested size: 204.85844pt x 204.85858pt.

<../src/inpainting/baboon_broke_random.png, id=32, 513.92pt x 513.92pt>
=======
214.
(pdftex.def)             Requested size: 204.85844pt x 204.85858pt.

<../src/inpainting/baboon_broke_random.png, id=43, 513.92pt x 513.92pt>
>>>>>>> ed0a8a8c8517e4ea6ccb6ff75d04a197ebb169dc
File: ../src/inpainting/baboon_broke_random.png Graphic file (type png)

<use ../src/inpainting/baboon_broke_random.png>
Package pdftex.def Info: ../src/inpainting/baboon_broke_random.png used on inpu
<<<<<<< HEAD
t line 81.
(pdftex.def)             Requested size: 204.85844pt x 204.85858pt.

<../src/inpainting/baboon_fixed_random.png, id=33, 513.92pt x 513.92pt>
=======
t line 225.
(pdftex.def)             Requested size: 204.85844pt x 204.85858pt.

<../src/inpainting/baboon_fixed_random.png, id=44, 513.92pt x 513.92pt>
>>>>>>> ed0a8a8c8517e4ea6ccb6ff75d04a197ebb169dc
File: ../src/inpainting/baboon_fixed_random.png Graphic file (type png)

<use ../src/inpainting/baboon_fixed_random.png>
Package pdftex.def Info: ../src/inpainting/baboon_fixed_random.png used on inpu
<<<<<<< HEAD
t line 88.
=======
t line 232.
>>>>>>> ed0a8a8c8517e4ea6ccb6ff75d04a197ebb169dc
(pdftex.def)             Requested size: 204.85844pt x 204.85858pt.
<<<<<<< HEAD

<../src/inpainting/lena_broke2.png, id=34, 1124.2pt x 843.15pt>
File: ../src/inpainting/lena_broke2.png Graphic file (type png)

<use ../src/inpainting/lena_broke2.png>
Package pdftex.def Info: ../src/inpainting/lena_broke2.png used on input line 9
9.
(pdftex.def)             Requested size: 204.85844pt x 153.6388pt.

<../src/inpainting/paint_letters_db5_threskinds_it50.jpg, id=35, 1124.2pt x 843
.15pt>
File: ../src/inpainting/paint_letters_db5_threskinds_it50.jpg Graphic file (typ
e jpg)
 <use ../src/inpainting/paint_letters_db5_threskinds_it50.jpg>
Package pdftex.def Info: ../src/inpainting/paint_letters_db5_threskinds_it50.jp
g used on input line 106.
(pdftex.def)             Requested size: 204.85844pt x 153.6388pt.

Underfull \hbox (badness 1215) in paragraph at lines 107--107
[]\OT1/cmr/m/n/10.95 (b) |Voor ver-schil-lende waar-den van de
 []

<../src/inpainting/soft_succeed.jpg, id=36, 1124.2pt x 843.15pt>
File: ../src/inpainting/soft_succeed.jpg Graphic file (type jpg)

<use ../src/inpainting/soft_succeed.jpg>
Package pdftex.def Info: ../src/inpainting/soft_succeed.jpg used on input line 
111.
(pdftex.def)             Requested size: 204.85844pt x 153.6388pt.

<../src/inpainting/hard_fail.jpg, id=39, 1124.2pt x 843.15pt>
File: ../src/inpainting/hard_fail.jpg Graphic file (type jpg)

<use ../src/inpainting/hard_fail.jpg>
Package pdftex.def Info: ../src/inpainting/hard_fail.jpg used on input line 118
.
(pdftex.def)             Requested size: 204.85844pt x 153.6388pt.
File: ../src/inpainting/paint_letters_db5_threskinds_it50.jpg Graphic file (typ
e jpg)

<use ../src/inpainting/paint_letters_db5_threskinds_it50.jpg>
Package pdftex.def Info: ../src/inpainting/paint_letters_db5_threskinds_it50.jp
g used on input line 128.
(pdftex.def)             Requested size: 318.66946pt x 239.00084pt.

<../src/inpainting/paint_letter_wavekinds_soft_it50.jpg, id=42, 1124.2pt x 843.
15pt>
File: ../src/inpainting/paint_letter_wavekinds_soft_it50.jpg Graphic file (type
 jpg)
 <use ../src/inpainting/paint_letter_wavekinds_soft_it50.jpg>
Package pdftex.def Info: ../src/inpainting/paint_letter_wavekinds_soft_it50.jpg
 used on input line 135.
(pdftex.def)             Requested size: 318.66946pt x 239.00084pt.

<../src/denoising/denoised_err_threskinds.jpg, id=43, 1124.2pt x 843.15pt>
File: ../src/denoising/denoised_err_threskinds.jpg Graphic file (type jpg)

<use ../src/denoising/denoised_err_threskinds.jpg>
Package pdftex.def Info: ../src/denoising/denoised_err_threskinds.jpg used on i
nput line 146.
(pdftex.def)             Requested size: 318.66946pt x 239.00084pt.

<../src/denoising/denoised_err_wavekinds.jpg, id=44, 1124.2pt x 843.15pt>
File: ../src/denoising/denoised_err_wavekinds.jpg Graphic file (type jpg)

<use ../src/denoising/denoised_err_wavekinds.jpg>
Package pdftex.def Info: ../src/denoising/denoised_err_wavekinds.jpg used on in
put line 153.
(pdftex.def)             Requested size: 318.66946pt x 239.00084pt.
Package babel Info: Redefining dutch shorthand "|
(babel)             in language  on input line 160.
Package babel Info: Redefining dutch shorthand "~
(babel)             in language  on input line 160.
Package babel Info: Redefining dutch shorthand "|
(babel)             in language  on input line 160.
Package babel Info: Redefining dutch shorthand "~
<<<<<<< HEAD
(babel)             in language  on input line 160.
=======
(babel)             in language  on input line 136.
=======
Package atveryend Info: Empty hook `BeforeClearDocument' on input line 239.
Package babel Info: Redefining dutch shorthand "|
(babel)             in language  on input line 239.
Package babel Info: Redefining dutch shorthand "~
(babel)             in language  on input line 239.
Package babel Info: Redefining dutch shorthand "|
(babel)             in language  on input line 239.
Package babel Info: Redefining dutch shorthand "~
(babel)             in language  on input line 239.
>>>>>>> 1.1
>>>>>>> ed0a8a8c8517e4ea6ccb6ff75d04a197ebb169dc
 [1

{/usr/local/texlive/2015/texmf-var/fonts/map/pdftex/updmap/pdftex.map} <../src/
denoising/task1_4_noise.png (PNG copy)>]
Package babel Info: Redefining dutch shorthand "|
<<<<<<< HEAD
(babel)             in language  on input line 160.
=======
<<<<<<< HEAD
(babel)             in language  on input line 136.
>>>>>>> ed0a8a8c8517e4ea6ccb6ff75d04a197ebb169dc
Package babel Info: Redefining dutch shorthand "~
(babel)             in language  on input line 160.
Package babel Info: Redefining dutch shorthand "|
(babel)             in language  on input line 160.
Package babel Info: Redefining dutch shorthand "~
(babel)             in language  on input line 160.
 [2 <../src/inpainting/lena_broke.png> <../src/inpainting/lena_fixed.png> <../s
=======
(babel)             in language  on input line 239.
Package babel Info: Redefining dutch shorthand "~
(babel)             in language  on input line 239.
Package babel Info: Redefining dutch shorthand "|
(babel)             in language  on input line 239.
Package babel Info: Redefining dutch shorthand "~
(babel)             in language  on input line 239.
 [2 <../src/denoising/haar_noNoise/coef_exp_haar_2.pdf> <../src/denoising/haar_
noNoise/MRA_exp_haar_2.pdf> <../src/denoising/haar_noNoise/coef_exp_haar_3.pdf>
 <../src/denoising/haar_noNoise/MRA_exp_haar_3.pdf> <../src/denoising/haar_noNo
ise/coef_exp_haar_4.pdf> <../src/denoising/haar_noNoise/MRA_exp_haar_4.pdf> <..
/src/denoising/haar_noNoise/coef_exp_haar_5.pdf> <../src/denoising/haar_noNoise
/MRA_exp_haar_5.pdf>]
Package babel Info: Redefining dutch shorthand "|
(babel)             in language  on input line 239.
Package babel Info: Redefining dutch shorthand "~
(babel)             in language  on input line 239.
Package babel Info: Redefining dutch shorthand "|
(babel)             in language  on input line 239.
Package babel Info: Redefining dutch shorthand "~
(babel)             in language  on input line 239.
 [3 <../src/denoising/db2_noNoise/coef_exp_db2_2.pdf> <../src/denoising/db2_noN
oise/MRA_exp_db2_2.pdf> <../src/denoising/db2_noNoise/coef_exp_db2_3.pdf> <../s
rc/denoising/db2_noNoise/MRA_exp_db2_3.pdf> <../src/denoising/db2_noNoise/coef_
exp_db2_4.pdf> <../src/denoising/db2_noNoise/MRA_exp_db2_4.pdf> <../src/denoisi
ng/db2_noNoise/coef_exp_db2_5.pdf> <../src/denoising/db2_noNoise/MRA_exp_db2_5.
pdf>]
Package babel Info: Redefining dutch shorthand "|
(babel)             in language  on input line 239.
Package babel Info: Redefining dutch shorthand "~
(babel)             in language  on input line 239.
Package babel Info: Redefining dutch shorthand "|
(babel)             in language  on input line 239.
Package babel Info: Redefining dutch shorthand "~
(babel)             in language  on input line 239.
 [4 <../src/denoising/db45_noNoise/coef_exp_db45_2.pdf> <../src/denoising/db45_
noNoise/MRA_exp_db45_2.pdf> <../src/denoising/db45_noNoise/coef_exp_db45_3.pdf>
 <../src/denoising/db45_noNoise/MRA_exp_db45_3.pdf> <../src/denoising/db45_noNo
ise/coef_exp_db45_4.pdf> <../src/denoising/db45_noNoise/MRA_exp_db45_4.pdf> <..
/src/denoising/db45_noNoise/coef_exp_db45_5.pdf> <../src/denoising/db45_noNoise
/MRA_exp_db45_5.pdf>]
Package babel Info: Redefining dutch shorthand "|
(babel)             in language  on input line 239.
Package babel Info: Redefining dutch shorthand "~
(babel)             in language  on input line 239.
Package babel Info: Redefining dutch shorthand "|
(babel)             in language  on input line 239.
Package babel Info: Redefining dutch shorthand "~
(babel)             in language  on input line 239.
 [5 <../src/inpainting/lena_broke.png> <../src/inpainting/lena_fixed.png> <../s
>>>>>>> 1.1
rc/inpainting/baboon_broke.png> <../src/inpainting/baboon_fixed.png>]
Package atveryend Info: Empty hook `BeforeClearDocument' on input line 160.
Package babel Info: Redefining dutch shorthand "|
<<<<<<< HEAD
(babel)             in language  on input line 160.
=======
<<<<<<< HEAD
(babel)             in language  on input line 136.
>>>>>>> ed0a8a8c8517e4ea6ccb6ff75d04a197ebb169dc
Package babel Info: Redefining dutch shorthand "~
(babel)             in language  on input line 160.
Package babel Info: Redefining dutch shorthand "|
(babel)             in language  on input line 160.
Package babel Info: Redefining dutch shorthand "~
(babel)             in language  on input line 160.
 [3 <../src/inpainting/baboon_broke_random.png> <../src/inpainting/baboon_fixed
_random.png>]
Package babel Info: Redefining dutch shorthand "|
(babel)             in language  on input line 160.
Package babel Info: Redefining dutch shorthand "~
(babel)             in language  on input line 160.
Package babel Info: Redefining dutch shorthand "|
(babel)             in language  on input line 160.
Package babel Info: Redefining dutch shorthand "~
(babel)             in language  on input line 160.
 [4 <../src/inpainting/lena_broke2.png (PNG copy)> <../src/inpainting/paint_let
ters_db5_threskinds_it50.jpg> <../src/inpainting/soft_succeed.jpg> <../src/inpa
inting/hard_fail.jpg>]
Package babel Info: Redefining dutch shorthand "|
(babel)             in language  on input line 160.
Package babel Info: Redefining dutch shorthand "~
(babel)             in language  on input line 160.
Package babel Info: Redefining dutch shorthand "|
(babel)             in language  on input line 160.
Package babel Info: Redefining dutch shorthand "~
(babel)             in language  on input line 160.
 [5 <../src/inpainting/paint_letter_wavekinds_soft_it50.jpg>]
Package babel Info: Redefining dutch shorthand "|
(babel)             in language  on input line 160.
Package babel Info: Redefining dutch shorthand "~
(babel)             in language  on input line 160.
Package babel Info: Redefining dutch shorthand "|
(babel)             in language  on input line 160.
Package babel Info: Redefining dutch shorthand "~
(babel)             in language  on input line 160.
 [6 <../src/denoising/denoised_err_threskinds.jpg> <../src/denoising/denoised_e
rr_wavekinds.jpg>]
<<<<<<< HEAD
Package atveryend Info: Empty hook `AfterLastShipout' on input line 160.
 (./Project_wavelets.aux)
Package atveryend Info: Executing hook `AtVeryEndDocument' on input line 160.
Package atveryend Info: Executing hook `AtEndAfterFileList' on input line 160.
=======
Package atveryend Info: Empty hook `AfterLastShipout' on input line 136.

(./Project_wavelets.aux)
Package atveryend Info: Executing hook `AtVeryEndDocument' on input line 136.
Package atveryend Info: Executing hook `AtEndAfterFileList' on input line 136.
=======
(babel)             in language  on input line 239.
Package babel Info: Redefining dutch shorthand "~
(babel)             in language  on input line 239.
Package babel Info: Redefining dutch shorthand "|
(babel)             in language  on input line 239.
Package babel Info: Redefining dutch shorthand "~
(babel)             in language  on input line 239.
[6 <../src/inpainting/baboon_broke_random.png> <../src/inpainting/baboon_fixed_
random.png>]
Package atveryend Info: Empty hook `AfterLastShipout' on input line 239.
 (./Project_wavelets.aux)
Package atveryend Info: Executing hook `AtVeryEndDocument' on input line 239.
Package atveryend Info: Executing hook `AtEndAfterFileList' on input line 239.
>>>>>>> 1.1
>>>>>>> ed0a8a8c8517e4ea6ccb6ff75d04a197ebb169dc
Package rerunfilecheck Info: File `Project_wavelets.out' has not changed.
(rerunfilecheck)             Checksum: 9055AB84F4F058D91B7B1B42B8ABCCF0;292.


LaTeX Warning: There were multiply-defined labels.

<<<<<<< HEAD
Package atveryend Info: Empty hook `AtVeryVeryEnd' on input line 160.
=======
<<<<<<< HEAD
Package atveryend Info: Empty hook `AtVeryVeryEnd' on input line 136.
>>>>>>> ed0a8a8c8517e4ea6ccb6ff75d04a197ebb169dc
 ) 
Here is how much of TeX's memory you used:
 26430 strings out of 493089
 627726 string characters out of 6134841
 830895 words of memory out of 5000000
 29441 multiletter control sequences out of 15000+600000
 11073 words of font info for 40 fonts, out of 8000000 for 9000
 1141 hyphenation exceptions out of 8191
 57i,8n,77p,742b,609s stack positions out of 5000i,500n,10000p,200000b,80000s
</usr/local/texlive/2015/texmf-dist/fonts/type1/public/amsfonts/cm/cmbx12.pfb
></usr/local/texlive/2015/texmf-dist/fonts/type1/public/amsfonts/cm/cmmi10.pfb>
</usr/local/texlive/2015/texmf-dist/fonts/type1/public/amsfonts/cm/cmmi12.pfb><
/usr/local/texlive/2015/texmf-dist/fonts/type1/public/amsfonts/cm/cmr10.pfb></u
sr/local/texlive/2015/texmf-dist/fonts/type1/public/amsfonts/cm/cmr12.pfb></usr
/local/texlive/2015/texmf-dist/fonts/type1/public/amsfonts/cm/cmr17.pfb>
Output written on Project_wavelets.pdf (6 pages, 3154730 bytes).
PDF statistics:
<<<<<<< HEAD
 110 PDF objects out of 1000 (max. 8388607)
 79 compressed objects within 1 object stream
 19 named destinations out of 1000 (max. 500000)
 123 words of extra memory for PDF output out of 10000 (max. 10000000)
=======
 95 PDF objects out of 1000 (max. 8388607)
 65 compressed objects within 1 object stream
 15 named destinations out of 1000 (max. 500000)
 94 words of extra memory for PDF output out of 10000 (max. 10000000)
=======
Package atveryend Info: Empty hook `AtVeryVeryEnd' on input line 239.
 ) 
Here is how much of TeX's memory you used:
 23261 strings out of 493315
 521077 string characters out of 6137903
 701745 words of memory out of 5000000
 26239 multiletter control sequences out of 15000+600000
 6507 words of font info for 24 fonts, out of 8000000 for 9000
 957 hyphenation exceptions out of 8191
 58i,8n,74p,742b,609s stack positions out of 5000i,500n,10000p,200000b,80000s
</usr/local/texlive/2013/texmf-dist/fonts/type1/public/amsfonts/cm/cmbx12.pfb
></usr/local/texlive/2013/texmf-dist/fonts/type1/public/amsfonts/cm/cmr10.pfb><
/usr/local/texlive/2013/texmf-dist/fonts/type1/public/amsfonts/cm/cmr12.pfb></u
sr/local/texlive/2013/texmf-dist/fonts/type1/public/amsfonts/cm/cmr17.pfb>
Output written on Project_wavelets.pdf (6 pages, 1843485 bytes).
PDF statistics:
 451 PDF objects out of 1000 (max. 8388607)
 309 compressed objects within 4 object streams
 15 named destinations out of 1000 (max. 500000)
 179 words of extra memory for PDF output out of 10000 (max. 10000000)
>>>>>>> 1.1
>>>>>>> ed0a8a8c8517e4ea6ccb6ff75d04a197ebb169dc

